#
# There is insufficient memory for the Java Runtime Environment to continue.
# Native memory allocation (malloc) failed to allocate 32744 bytes for ChunkPool::allocate
# Possible reasons:
#   The system is out of physical RAM or swap space
#   The process is running with CompressedOops enabled, and the Java Heap may be blocking the growth of the native heap
# Possible solutions:
#   Reduce memory load on the system
#   Increase physical memory or swap space
#   Check if swap backing store is full
#   Decrease Java heap size (-Xmx/-Xms)
#   Decrease number of Java threads
#   Decrease Java thread stack sizes (-Xss)
#   Set larger code cache with -XX:ReservedCodeCacheSize=
#   JVM is running with Unscaled Compressed Oops mode in which the Java heap is
#     placed in the first 4GB address space. The Java Heap base address is the
#     maximum limit for the native heap growth. Please use -XX:HeapBaseMinAddress
#     to set the Java Heap base and to place the Java Heap above 4GB virtual address.
# This output file may be truncated or incomplete.
#
#  Out of Memory Error (arena.cpp:78), pid=5196, tid=1296
#
# JRE version: OpenJDK Runtime Environment Temurin-17.0.8.1+1 (17.0.8.1+1) (build 17.0.8.1+1)
# Java VM: OpenJDK 64-Bit Server VM Temurin-17.0.8.1+1 (17.0.8.1+1, mixed mode, tiered, compressed oops, compressed class ptrs, parallel gc, windows-amd64)
# No core dump will be written. Minidumps are not enabled by default on client versions of Windows
#

---------------  S U M M A R Y ------------

Command Line: --add-modules=ALL-SYSTEM --add-opens=java.base/java.util=ALL-UNNAMED --add-opens=java.base/java.lang=ALL-UNNAMED --add-opens=java.base/sun.nio.fs=ALL-UNNAMED -Declipse.application=org.eclipse.jdt.ls.core.id1 -Dosgi.bundles.defaultStartLevel=4 -Declipse.product=org.eclipse.jdt.ls.core.product -Djava.import.generatesMetadataFilesAtProjectRoot=false -DDetectVMInstallationsJob.disabled=true -Dfile.encoding=utf8 -XX:+UseParallelGC -XX:GCTimeRatio=4 -XX:AdaptiveSizePolicyWeight=90 -Dsun.zip.disableMemoryMapping=true -Xmx1G -Xms100m -Xlog:disable -javaagent:c:\Acomodar\Codigos\ides\VSCode-win32-x64-1.81.1\data\extensions\redhat.java-1.24.0-win32-x64\lombok\lombok-1.18.30.jar -XX:+HeapDumpOnOutOfMemoryError -XX:HeapDumpPath=c:\Acomodar\Codigos\ides\VSCode-win32-x64-1.81.1\data\user-data\User\workspaceStorage\9c9c45a0c040ac3e32c446cb72fd227f\redhat.java -Daether.dependencyCollector.impl=bf c:\Acomodar\Codigos\ides\VSCode-win32-x64-1.81.1\data\extensions\redhat.java-1.24.0-win32-x64\server\plugins\org.eclipse.equinox.launcher_1.6.500.v20230717-2134.jar -configuration c:\Acomodar\Codigos\ides\VSCode-win32-x64-1.81.1\data\user-data\User\globalStorage\redhat.java\1.24.0\config_win -data c:\Acomodar\Codigos\ides\VSCode-win32-x64-1.81.1\data\user-data\User\workspaceStorage\9c9c45a0c040ac3e32c446cb72fd227f\redhat.java\jdt_ws --stdio

Host: Intel(R) Celeron(R) N4020 CPU @ 1.10GHz, 2 cores, 3G,  Windows 11 , 64 bit Build 22621 (10.0.22621.2506)
Time: Wed Nov 22 21:12:07 2023 Pacific Standard Time (Mexico) elapsed time: 665.943709 seconds (0d 0h 11m 5s)

---------------  T H R E A D  ---------------

Current thread (0x000001a2d016d9c0):  JavaThread "C1 CompilerThread0" daemon [_thread_in_native, id=1296, stack(0x0000007a55600000,0x0000007a55700000)]


Current CompileTask:
C1: 665943 20731   !   3       org.eclipse.jdt.internal.compiler.impl.CompilerOptions::set (5268 bytes)

Stack: [0x0000007a55600000,0x0000007a55700000]
Native frames: (J=compiled Java code, j=interpreted, Vv=VM code, C=native code)
V  [jvm.dll+0x678b0a]
V  [jvm.dll+0x835e84]
V  [jvm.dll+0x83762e]
V  [jvm.dll+0x837c93]
V  [jvm.dll+0x24746f]
V  [jvm.dll+0xac42c]
V  [jvm.dll+0xac7dc]
V  [jvm.dll+0x11d7c5]
V  [jvm.dll+0x17ac7d]
V  [jvm.dll+0x17b863]
V  [jvm.dll+0x135fc3]
V  [jvm.dll+0x1358bf]
V  [jvm.dll+0x135af6]
V  [jvm.dll+0x134f8a]
V  [jvm.dll+0x136c51]
V  [jvm.dll+0x228d8a]
V  [jvm.dll+0x226dcc]
V  [jvm.dll+0x7ec09b]
V  [jvm.dll+0x7e64ca]
V  [jvm.dll+0x677955]
C  [ucrtbase.dll+0x29363]
C  [KERNEL32.DLL+0x1257d]
C  [ntdll.dll+0x5aa58]


---------------  P R O C E S S  ---------------

Threads class SMR info:
_java_thread_list=0x000001a2d87cd3d0, length=53, elements={
0x000001a2ba399150, 0x000001a2ba44d1b0, 0x000001a2ba44e510, 0x000001a2d0106320,
0x000001a2d0106df0, 0x000001a2d01079b0, 0x000001a2d010a380, 0x000001a2d010b120,
0x000001a2d016d9c0, 0x000001a2d016e770, 0x000001a2d0c6a500, 0x000001a2d0ff36a0,
0x000001a2d542bd60, 0x000001a2d0fb3390, 0x000001a2d0fb3b20, 0x000001a2d54cf350,
0x000001a2d57f8f10, 0x000001a2d57f5760, 0x000001a2d57f6ba0, 0x000001a2d57f7ad0,
0x000001a2d7f60300, 0x000001a2d7f5f8e0, 0x000001a2d7f644d0, 0x000001a2d7f5fdf0,
0x000001a2d82a2430, 0x000001a2d82a05d0, 0x000001a2d829c400, 0x000001a2d829ec80,
0x000001a2d829ce20, 0x000001a2d829fbb0, 0x000001a2d82a1500, 0x000001a2d82a0ae0,
0x000001a2d829f190, 0x000001a2d829dd50, 0x000001a2d82a0ff0, 0x000001a2d829e770,
0x000001a2d82a1f20, 0x000001a2d82a2940, 0x000001a2d82a00c0, 0x000001a2d82a1a10,
0x000001a2d82a2e50, 0x000001a2d829b9e0, 0x000001a2d82a3360, 0x000001a2d829bef0,
0x000001a2d7f60810, 0x000001a2d7f62670, 0x000001a2d7f62b80, 0x000001a2d7f63090,
0x000001a2d7f61740, 0x000001a2d7f63ab0, 0x000001a2d7f62160, 0x000001a2d7f649e0,
0x000001a2d7f61230
}

Java Threads: ( => current thread )
  0x000001a2ba399150 JavaThread "main" [_thread_blocked, id=2240, stack(0x0000007a54c00000,0x0000007a54d00000)]
  0x000001a2ba44d1b0 JavaThread "Reference Handler" daemon [_thread_blocked, id=820, stack(0x0000007a54f00000,0x0000007a55000000)]
  0x000001a2ba44e510 JavaThread "Finalizer" daemon [_thread_blocked, id=7736, stack(0x0000007a55000000,0x0000007a55100000)]
  0x000001a2d0106320 JavaThread "Signal Dispatcher" daemon [_thread_blocked, id=8300, stack(0x0000007a55100000,0x0000007a55200000)]
  0x000001a2d0106df0 JavaThread "Attach Listener" daemon [_thread_blocked, id=8240, stack(0x0000007a55200000,0x0000007a55300000)]
  0x000001a2d01079b0 JavaThread "Service Thread" daemon [_thread_blocked, id=9824, stack(0x0000007a55300000,0x0000007a55400000)]
  0x000001a2d010a380 JavaThread "Monitor Deflation Thread" daemon [_thread_blocked, id=4532, stack(0x0000007a55400000,0x0000007a55500000)]
  0x000001a2d010b120 JavaThread "C2 CompilerThread0" daemon [_thread_in_native, id=10888, stack(0x0000007a55500000,0x0000007a55600000)]
=>0x000001a2d016d9c0 JavaThread "C1 CompilerThread0" daemon [_thread_in_native, id=1296, stack(0x0000007a55600000,0x0000007a55700000)]
  0x000001a2d016e770 JavaThread "Sweeper thread" daemon [_thread_blocked, id=9300, stack(0x0000007a55700000,0x0000007a55800000)]
  0x000001a2d0c6a500 JavaThread "Common-Cleaner" daemon [_thread_blocked, id=1872, stack(0x0000007a55800000,0x0000007a55900000)]
  0x000001a2d0ff36a0 JavaThread "Notification Thread" daemon [_thread_blocked, id=8556, stack(0x0000007a55900000,0x0000007a55a00000)]
  0x000001a2d542bd60 JavaThread "Active Thread: Equinox Container: d235d4cb-dd24-42c6-a329-cbc4cedee6ef" [_thread_blocked, id=1412, stack(0x0000007a55c00000,0x0000007a55d00000)]
  0x000001a2d0fb3390 JavaThread "Framework Event Dispatcher: Equinox Container: d235d4cb-dd24-42c6-a329-cbc4cedee6ef" daemon [_thread_blocked, id=10000, stack(0x0000007a55d00000,0x0000007a55e00000)]
  0x000001a2d0fb3b20 JavaThread "Start Level: Equinox Container: d235d4cb-dd24-42c6-a329-cbc4cedee6ef" daemon [_thread_blocked, id=1340, stack(0x0000007a55e00000,0x0000007a55f00000)]
  0x000001a2d54cf350 JavaThread "Bundle File Closer" daemon [_thread_blocked, id=6940, stack(0x0000007a55f00000,0x0000007a56000000)]
  0x000001a2d57f8f10 JavaThread "SCR Component Actor" daemon [_thread_blocked, id=6376, stack(0x0000007a56000000,0x0000007a56100000)]
  0x000001a2d57f5760 JavaThread "Worker-JM" [_thread_blocked, id=6336, stack(0x0000007a56200000,0x0000007a56300000)]
  0x000001a2d57f6ba0 JavaThread "Java indexing" daemon [_thread_blocked, id=10148, stack(0x0000007a56500000,0x0000007a56600000)]
  0x000001a2d57f7ad0 JavaThread "JNA Cleaner" daemon [_thread_blocked, id=8876, stack(0x0000007a56100000,0x0000007a56200000)]
  0x000001a2d7f60300 JavaThread "pool-2-thread-1" [_thread_blocked, id=11840, stack(0x0000007a56900000,0x0000007a56a00000)]
  0x000001a2d7f5f8e0 JavaThread "WorkspaceEventsHandler" [_thread_blocked, id=4564, stack(0x0000007a56a00000,0x0000007a56b00000)]
  0x000001a2d7f644d0 JavaThread "pool-1-thread-1" [_thread_in_native, id=1460, stack(0x0000007a56b00000,0x0000007a56c00000)]
  0x000001a2d7f5fdf0 JavaThread "Worker-4" [_thread_blocked, id=6768, stack(0x0000007a56d00000,0x0000007a56e00000)]
  0x000001a2d82a2430 JavaThread "Worker-5" [_thread_blocked, id=10892, stack(0x0000007a56300000,0x0000007a56400000)]
  0x000001a2d82a05d0 JavaThread "Thread-274" [_thread_in_Java, id=9244, stack(0x0000007a56600000,0x0000007a56700000)]
  0x000001a2d829c400 JavaThread "Thread-285" [_thread_blocked, id=4628, stack(0x0000007a56700000,0x0000007a56800000)]
  0x000001a2d829ec80 JavaThread "Thread-288" [_thread_blocked, id=2900, stack(0x0000007a56800000,0x0000007a56900000)]
  0x000001a2d829ce20 JavaThread "Thread-289" [_thread_blocked, id=5732, stack(0x0000007a54b00000,0x0000007a54c00000)]
  0x000001a2d829fbb0 JavaThread "Thread-290" [_thread_blocked, id=3624, stack(0x0000007a56e00000,0x0000007a56f00000)]
  0x000001a2d82a1500 JavaThread "Thread-291" [_thread_blocked, id=7704, stack(0x0000007a56f00000,0x0000007a57000000)]
  0x000001a2d82a0ae0 JavaThread "Thread-297" [_thread_blocked, id=2520, stack(0x0000007a57000000,0x0000007a57100000)]
  0x000001a2d829f190 JavaThread "Thread-302" [_thread_blocked, id=10968, stack(0x0000007a57200000,0x0000007a57300000)]
  0x000001a2d829dd50 JavaThread "Thread-308" [_thread_blocked, id=9596, stack(0x0000007a57300000,0x0000007a57400000)]
  0x000001a2d82a0ff0 JavaThread "Thread-314" [_thread_blocked, id=4148, stack(0x0000007a57400000,0x0000007a57500000)]
  0x000001a2d829e770 JavaThread "Thread-324" [_thread_blocked, id=10716, stack(0x0000007a57100000,0x0000007a57200000)]
  0x000001a2d82a1f20 JavaThread "Thread-328" [_thread_blocked, id=10096, stack(0x0000007a57700000,0x0000007a57800000)]
  0x000001a2d82a2940 JavaThread "Thread-333" [_thread_blocked, id=8944, stack(0x0000007a57500000,0x0000007a57600000)]
  0x000001a2d82a00c0 JavaThread "Thread-359" [_thread_blocked, id=8364, stack(0x0000007a57600000,0x0000007a57700000)]
  0x000001a2d82a1a10 JavaThread "Thread-360" [_thread_blocked, id=11092, stack(0x0000007a57800000,0x0000007a57900000)]
  0x000001a2d82a2e50 JavaThread "Thread-367" [_thread_blocked, id=10816, stack(0x0000007a57900000,0x0000007a57a00000)]
  0x000001a2d829b9e0 JavaThread "Thread-370" [_thread_blocked, id=10912, stack(0x0000007a57b00000,0x0000007a57c00000)]
  0x000001a2d82a3360 JavaThread "Thread-371" [_thread_blocked, id=9332, stack(0x0000007a57c00000,0x0000007a57d00000)]
  0x000001a2d829bef0 JavaThread "Thread-372" [_thread_blocked, id=6804, stack(0x0000007a57d00000,0x0000007a57e00000)]
  0x000001a2d7f60810 JavaThread "Thread-373" [_thread_blocked, id=6088, stack(0x0000007a57a00000,0x0000007a57b00000)]
  0x000001a2d7f62670 JavaThread "Thread-376" [_thread_blocked, id=2028, stack(0x0000007a57e00000,0x0000007a57f00000)]
  0x000001a2d7f62b80 JavaThread "Thread-387" [_thread_blocked, id=9692, stack(0x0000007a58000000,0x0000007a58100000)]
  0x000001a2d7f63090 JavaThread "Thread-389" [_thread_blocked, id=9956, stack(0x0000007a57f00000,0x0000007a58000000)]
  0x000001a2d7f61740 JavaThread "Thread-395" [_thread_blocked, id=8904, stack(0x0000007a58100000,0x0000007a58200000)]
  0x000001a2d7f63ab0 JavaThread "Thread-398" [_thread_blocked, id=4872, stack(0x0000007a58200000,0x0000007a58300000)]
  0x000001a2d7f62160 JavaThread "Thread-425" [_thread_blocked, id=7924, stack(0x0000007a58500000,0x0000007a58600000)]
  0x000001a2d7f649e0 JavaThread "Thread-429" [_thread_blocked, id=6440, stack(0x0000007a58700000,0x0000007a58800000)]
  0x000001a2d7f61230 JavaThread "ForkJoinPool.commonPool-worker-3" daemon [_thread_blocked, id=4000, stack(0x0000007a56400000,0x0000007a56500000)]

Other Threads:
  0x000001a2d00c43d0 VMThread "VM Thread" [stack: 0x0000007a54e00000,0x0000007a54f00000] [id=1528]
  0x000001a2d0f7c290 WatcherThread [stack: 0x0000007a55a00000,0x0000007a55b00000] [id=6064]
  0x000001a2ba3adc20 GCTaskThread "GC Thread#0" [stack: 0x0000007a54d00000,0x0000007a54e00000] [id=10568]
  0x000001a2d50b4ab0 GCTaskThread "GC Thread#1" [stack: 0x0000007a55b00000,0x0000007a55c00000] [id=10960]

Threads with active compile tasks:
C2 CompilerThread0   666001 20725       4       lombok.core.handlers.InclusionExclusionUtils$2::compare (13 bytes)
C1 CompilerThread0   666001 20731   !   3       org.eclipse.jdt.internal.compiler.impl.CompilerOptions::set (5268 bytes)

VM state: not at safepoint (normal execution)

VM Mutex/Monitor currently owned by a thread: None

Heap address: 0x00000000c0000000, size: 1024 MB, Compressed Oops mode: 32-bit

CDS archive(s) not mapped
Compressed class space mapped at: 0x0000000100000000-0x0000000140000000, reserved size: 1073741824
Narrow klass base: 0x0000000000000000, Narrow klass shift: 3, Narrow klass range: 0x140000000

GC Precious Log:
 CPUs: 2 total, 2 available
 Memory: 3902M
 Large Page Support: Disabled
 NUMA Support: Disabled
 Compressed Oops: Enabled (32-bit)
 Alignments: Space 512K, Generation 512K, Heap 2M
 Heap Min Capacity: 100M
 Heap Initial Capacity: 100M
 Heap Max Capacity: 1G
 Pre-touch: Disabled
 Parallel Workers: 2

Heap:
 PSYoungGen      total 95232K, used 66105K [0x00000000eab00000, 0x00000000f1c80000, 0x0000000100000000)
  eden space 77312K, 62% used [0x00000000eab00000,0x00000000eda12ef8,0x00000000ef680000)
  from space 17920K, 99% used [0x00000000ef680000,0x00000000f07fb678,0x00000000f0800000)
  to   space 17408K, 0% used [0x00000000f0800000,0x00000000f0800000,0x00000000f1900000)
 ParOldGen       total 699392K, used 464792K [0x00000000c0000000, 0x00000000eab00000, 0x00000000eab00000)
  object space 699392K, 66% used [0x00000000c0000000,0x00000000dc5e62c0,0x00000000eab00000)
 Metaspace       used 86769K, committed 88320K, reserved 1179648K
  class space    used 8796K, committed 9472K, reserved 1048576K

Card table byte_map: [0x000001a2cd9e0000,0x000001a2cdbf0000] _byte_map_base: 0x000001a2cd3e0000

Marking Bits: (ParMarkBitMap*) 0x00007fffb90383a0
 Begin Bits: [0x000001a2cdd50000, 0x000001a2ced50000)
 End Bits:   [0x000001a2ced50000, 0x000001a2cfd50000)

Polling page: 0x000001a2ba450000

Metaspace:

Usage:
  Non-class:     76.15 MB used.
      Class:      8.59 MB used.
       Both:     84.74 MB used.

Virtual space:
  Non-class space:      128.00 MB reserved,      77.00 MB ( 60%) committed,  2 nodes.
      Class space:        1.00 GB reserved,       9.25 MB ( <1%) committed,  1 nodes.
             Both:        1.12 GB reserved,      86.25 MB (  7%) committed. 

Chunk freelists:
   Non-Class:  2.22 MB
       Class:  6.57 MB
        Both:  8.79 MB

MaxMetaspaceSize: unlimited
CompressedClassSpaceSize: 1.00 GB
Initial GC threshold: 21.00 MB
Current GC threshold: 143.44 MB
CDS: off
MetaspaceReclaimPolicy: balanced
 - commit_granule_bytes: 65536.
 - commit_granule_words: 8192.
 - virtual_space_node_default_size: 8388608.
 - enlarge_chunks_in_place: 1.
 - new_chunks_are_fully_committed: 0.
 - uncommit_free_chunks: 1.
 - use_allocation_guard: 0.
 - handle_deallocations: 1.


Internal statistics:

num_allocs_failed_limit: 9.
num_arena_births: 1128.
num_arena_deaths: 14.
num_vsnodes_births: 3.
num_vsnodes_deaths: 0.
num_space_committed: 1380.
num_space_uncommitted: 0.
num_chunks_returned_to_freelist: 23.
num_chunks_taken_from_freelist: 4936.
num_chunk_merges: 13.
num_chunk_splits: 3051.
num_chunks_enlarged: 1708.
num_inconsistent_stats: 0.

CodeHeap 'non-profiled nmethods': size=120064Kb used=14194Kb max_used=14713Kb free=105869Kb
 bounds [0x000001a2c62c0000, 0x000001a2c7120000, 0x000001a2cd800000]
CodeHeap 'profiled nmethods': size=120000Kb used=30402Kb max_used=33288Kb free=89597Kb
 bounds [0x000001a2be800000, 0x000001a2c0890000, 0x000001a2c5d30000]
CodeHeap 'non-nmethods': size=5696Kb used=1401Kb max_used=1483Kb free=4294Kb
 bounds [0x000001a2c5d30000, 0x000001a2c5fa0000, 0x000001a2c62c0000]
 total_blobs=15365 nmethods=14613 adapters=660
 compilation: enabled
              stopped_count=0, restarted_count=0
 full_count=0

Compilation events (20 events):
Event: 665.843 Thread 0x000001a2d016d9c0 nmethod 20717 0x000001a2c05b5a90 code [0x000001a2c05b6020, 0x000001a2c05b9818]
Event: 665.845 Thread 0x000001a2d010b120 nmethod 20718 0x000001a2c651e790 code [0x000001a2c651e940, 0x000001a2c651ed28]
Event: 665.845 Thread 0x000001a2d010b120 20719       4       org.eclipse.jdt.internal.compiler.parser.Parser::newMessageSend (65 bytes)
Event: 665.850 Thread 0x000001a2d010b120 nmethod 20719 0x000001a2c65de610 code [0x000001a2c65de7a0, 0x000001a2c65dead8]
Event: 665.855 Thread 0x000001a2d010b120 20720       4       org.eclipse.jdt.internal.compiler.parser.Parser::consumeExpressionStatement (53 bytes)
Event: 665.860 Thread 0x000001a2d010b120 nmethod 20720 0x000001a2c6f3ba90 code [0x000001a2c6f3bc20, 0x000001a2c6f3bfb8]
Event: 665.860 Thread 0x000001a2d010b120 20722   !   4       lombok.launch.PatchFixesHider$Util::invokeMethod (22 bytes)
Event: 665.864 Thread 0x000001a2d010b120 nmethod 20722 0x000001a2c6f3b490 code [0x000001a2c6f3b660, 0x000001a2c6f3b830]
Event: 665.864 Thread 0x000001a2d010b120 20721       4       lombok.eclipse.EclipseASTAdapter::visitAnnotationOnType (1 bytes)
Event: 665.864 Thread 0x000001a2d010b120 nmethod 20721 0x000001a2c6ad6410 code [0x000001a2c6ad6580, 0x000001a2c6ad65f8]
Event: 665.883 Thread 0x000001a2d016d9c0 20723   !   3       org.eclipse.jdt.internal.compiler.SourceElementNotifier::visitIfNeeded (64 bytes)
Event: 665.884 Thread 0x000001a2d016d9c0 nmethod 20723 0x000001a2bebf6090 code [0x000001a2bebf62c0, 0x000001a2bebf6d18]
Event: 665.884 Thread 0x000001a2d016d9c0 20724       3       org.eclipse.jdt.internal.compiler.util.HashtableOfObjectToInt::<init> (7 bytes)
Event: 665.884 Thread 0x000001a2d016d9c0 nmethod 20724 0x000001a2be8fcb90 code [0x000001a2be8fcd20, 0x000001a2be8fce68]
Event: 665.886 Thread 0x000001a2d010b120 20725       4       lombok.core.handlers.InclusionExclusionUtils$2::compare (13 bytes)
Event: 665.888 Thread 0x000001a2d016d9c0 20726       3       org.eclipse.core.internal.resources.CharsetManager::getCharsetFor (90 bytes)
Event: 665.890 Thread 0x000001a2d016d9c0 nmethod 20726 0x000001a2bebf4690 code [0x000001a2bebf48e0, 0x000001a2bebf50f8]
Event: 665.890 Thread 0x000001a2d016d9c0 20727       3       org.eclipse.core.internal.resources.CharsetManager::internalGetCharsetFor (126 bytes)
Event: 665.893 Thread 0x000001a2d016d9c0 nmethod 20727 0x000001a2c06f4610 code [0x000001a2c06f49c0, 0x000001a2c06f61f8]
Event: 665.908 Thread 0x000001a2d016d9c0 20731   !   3       org.eclipse.jdt.internal.compiler.impl.CompilerOptions::set (5268 bytes)

GC Heap History (20 events):
Event: 661.888 GC heap before
{Heap before GC invocations=757 (full 62):
 PSYoungGen      total 91136K, used 91116K [0x00000000eab00000, 0x00000000f1980000, 0x0000000100000000)
  eden space 74752K, 100% used [0x00000000eab00000,0x00000000ef400000,0x00000000ef400000)
  from space 16384K, 99% used [0x00000000ef400000,0x00000000f03fb048,0x00000000f0400000)
  to   space 17920K, 0% used [0x00000000f0800000,0x00000000f0800000,0x00000000f1980000)
 ParOldGen       total 699392K, used 422320K [0x00000000c0000000, 0x00000000eab00000, 0x00000000eab00000)
  object space 699392K, 60% used [0x00000000c0000000,0x00000000d9c6c1b8,0x00000000eab00000)
 Metaspace       used 86621K, committed 88192K, reserved 1179648K
  class space    used 8774K, committed 9472K, reserved 1048576K
}
Event: 661.932 GC heap after
{Heap after GC invocations=757 (full 62):
 PSYoungGen      total 94720K, used 16961K [0x00000000eab00000, 0x00000000f1900000, 0x0000000100000000)
  eden space 77312K, 0% used [0x00000000eab00000,0x00000000eab00000,0x00000000ef680000)
  from space 17408K, 97% used [0x00000000f0800000,0x00000000f18907f0,0x00000000f1900000)
  to   space 17408K, 0% used [0x00000000ef700000,0x00000000ef700000,0x00000000f0800000)
 ParOldGen       total 699392K, used 424653K [0x00000000c0000000, 0x00000000eab00000, 0x00000000eab00000)
  object space 699392K, 60% used [0x00000000c0000000,0x00000000d9eb3550,0x00000000eab00000)
 Metaspace       used 86621K, committed 88192K, reserved 1179648K
  class space    used 8774K, committed 9472K, reserved 1048576K
}
Event: 662.197 GC heap before
{Heap before GC invocations=758 (full 62):
 PSYoungGen      total 94720K, used 94273K [0x00000000eab00000, 0x00000000f1900000, 0x0000000100000000)
  eden space 77312K, 100% used [0x00000000eab00000,0x00000000ef680000,0x00000000ef680000)
  from space 17408K, 97% used [0x00000000f0800000,0x00000000f18907f0,0x00000000f1900000)
  to   space 17408K, 0% used [0x00000000ef700000,0x00000000ef700000,0x00000000f0800000)
 ParOldGen       total 699392K, used 424653K [0x00000000c0000000, 0x00000000eab00000, 0x00000000eab00000)
  object space 699392K, 60% used [0x00000000c0000000,0x00000000d9eb3550,0x00000000eab00000)
 Metaspace       used 86621K, committed 88192K, reserved 1179648K
  class space    used 8774K, committed 9472K, reserved 1048576K
}
Event: 662.242 GC heap after
{Heap after GC invocations=758 (full 62):
 PSYoungGen      total 94720K, used 17388K [0x00000000eab00000, 0x00000000f1900000, 0x0000000100000000)
  eden space 77312K, 0% used [0x00000000eab00000,0x00000000eab00000,0x00000000ef680000)
  from space 17408K, 99% used [0x00000000ef700000,0x00000000f07fb048,0x00000000f0800000)
  to   space 17408K, 0% used [0x00000000f0800000,0x00000000f0800000,0x00000000f1900000)
 ParOldGen       total 699392K, used 426861K [0x00000000c0000000, 0x00000000eab00000, 0x00000000eab00000)
  object space 699392K, 61% used [0x00000000c0000000,0x00000000da0db550,0x00000000eab00000)
 Metaspace       used 86621K, committed 88192K, reserved 1179648K
  class space    used 8774K, committed 9472K, reserved 1048576K
}
Event: 662.516 GC heap before
{Heap before GC invocations=759 (full 62):
 PSYoungGen      total 94720K, used 94700K [0x00000000eab00000, 0x00000000f1900000, 0x0000000100000000)
  eden space 77312K, 100% used [0x00000000eab00000,0x00000000ef680000,0x00000000ef680000)
  from space 17408K, 99% used [0x00000000ef700000,0x00000000f07fb048,0x00000000f0800000)
  to   space 17408K, 0% used [0x00000000f0800000,0x00000000f0800000,0x00000000f1900000)
 ParOldGen       total 699392K, used 426861K [0x00000000c0000000, 0x00000000eab00000, 0x00000000eab00000)
  object space 699392K, 61% used [0x00000000c0000000,0x00000000da0db550,0x00000000eab00000)
 Metaspace       used 86621K, committed 88192K, reserved 1179648K
  class space    used 8774K, committed 9472K, reserved 1048576K
}
Event: 662.568 GC heap after
{Heap after GC invocations=759 (full 62):
 PSYoungGen      total 95232K, used 15360K [0x00000000eab00000, 0x00000000f1b00000, 0x0000000100000000)
  eden space 77824K, 0% used [0x00000000eab00000,0x00000000eab00000,0x00000000ef700000)
  from space 17408K, 88% used [0x00000000f0800000,0x00000000f1700288,0x00000000f1900000)
  to   space 17408K, 0% used [0x00000000ef700000,0x00000000ef700000,0x00000000f0800000)
 ParOldGen       total 699392K, used 433559K [0x00000000c0000000, 0x00000000eab00000, 0x00000000eab00000)
  object space 699392K, 61% used [0x00000000c0000000,0x00000000da765e88,0x00000000eab00000)
 Metaspace       used 86621K, committed 88192K, reserved 1179648K
  class space    used 8774K, committed 9472K, reserved 1048576K
}
Event: 662.835 GC heap before
{Heap before GC invocations=760 (full 62):
 PSYoungGen      total 95232K, used 93184K [0x00000000eab00000, 0x00000000f1b00000, 0x0000000100000000)
  eden space 77824K, 100% used [0x00000000eab00000,0x00000000ef700000,0x00000000ef700000)
  from space 17408K, 88% used [0x00000000f0800000,0x00000000f1700288,0x00000000f1900000)
  to   space 17408K, 0% used [0x00000000ef700000,0x00000000ef700000,0x00000000f0800000)
 ParOldGen       total 699392K, used 433559K [0x00000000c0000000, 0x00000000eab00000, 0x00000000eab00000)
  object space 699392K, 61% used [0x00000000c0000000,0x00000000da765e88,0x00000000eab00000)
 Metaspace       used 86621K, committed 88192K, reserved 1179648K
  class space    used 8774K, committed 9472K, reserved 1048576K
}
Event: 662.884 GC heap after
{Heap after GC invocations=760 (full 62):
 PSYoungGen      total 95232K, used 17399K [0x00000000eab00000, 0x00000000f1b00000, 0x0000000100000000)
  eden space 77824K, 0% used [0x00000000eab00000,0x00000000eab00000,0x00000000ef700000)
  from space 17408K, 99% used [0x00000000ef700000,0x00000000f07fdd18,0x00000000f0800000)
  to   space 17408K, 0% used [0x00000000f0800000,0x00000000f0800000,0x00000000f1900000)
 ParOldGen       total 699392K, used 437267K [0x00000000c0000000, 0x00000000eab00000, 0x00000000eab00000)
  object space 699392K, 62% used [0x00000000c0000000,0x00000000dab04d70,0x00000000eab00000)
 Metaspace       used 86621K, committed 88192K, reserved 1179648K
  class space    used 8774K, committed 9472K, reserved 1048576K
}
Event: 663.231 GC heap before
{Heap before GC invocations=761 (full 62):
 PSYoungGen      total 95232K, used 95223K [0x00000000eab00000, 0x00000000f1b00000, 0x0000000100000000)
  eden space 77824K, 100% used [0x00000000eab00000,0x00000000ef700000,0x00000000ef700000)
  from space 17408K, 99% used [0x00000000ef700000,0x00000000f07fdd18,0x00000000f0800000)
  to   space 17408K, 0% used [0x00000000f0800000,0x00000000f0800000,0x00000000f1900000)
 ParOldGen       total 699392K, used 437267K [0x00000000c0000000, 0x00000000eab00000, 0x00000000eab00000)
  object space 699392K, 62% used [0x00000000c0000000,0x00000000dab04d70,0x00000000eab00000)
 Metaspace       used 86621K, committed 88192K, reserved 1179648K
  class space    used 8774K, committed 9472K, reserved 1048576K
}
Event: 663.276 GC heap after
{Heap after GC invocations=761 (full 62):
 PSYoungGen      total 94720K, used 15710K [0x00000000eab00000, 0x00000000f1c80000, 0x0000000100000000)
  eden space 77312K, 0% used [0x00000000eab00000,0x00000000eab00000,0x00000000ef680000)
  from space 17408K, 90% used [0x00000000f0800000,0x00000000f1757b30,0x00000000f1900000)
  to   space 17920K, 0% used [0x00000000ef680000,0x00000000ef680000,0x00000000f0800000)
 ParOldGen       total 699392K, used 440019K [0x00000000c0000000, 0x00000000eab00000, 0x00000000eab00000)
  object space 699392K, 62% used [0x00000000c0000000,0x00000000dadb4d70,0x00000000eab00000)
 Metaspace       used 86621K, committed 88192K, reserved 1179648K
  class space    used 8774K, committed 9472K, reserved 1048576K
}
Event: 663.597 GC heap before
{Heap before GC invocations=762 (full 62):
 PSYoungGen      total 94720K, used 93022K [0x00000000eab00000, 0x00000000f1c80000, 0x0000000100000000)
  eden space 77312K, 100% used [0x00000000eab00000,0x00000000ef680000,0x00000000ef680000)
  from space 17408K, 90% used [0x00000000f0800000,0x00000000f1757b30,0x00000000f1900000)
  to   space 17920K, 0% used [0x00000000ef680000,0x00000000ef680000,0x00000000f0800000)
 ParOldGen       total 699392K, used 440019K [0x00000000c0000000, 0x00000000eab00000, 0x00000000eab00000)
  object space 699392K, 62% used [0x00000000c0000000,0x00000000dadb4d70,0x00000000eab00000)
 Metaspace       used 86621K, committed 88192K, reserved 1179648K
  class space    used 8774K, committed 9472K, reserved 1048576K
}
Event: 663.648 GC heap after
{Heap after GC invocations=762 (full 62):
 PSYoungGen      total 95232K, used 17895K [0x00000000eab00000, 0x00000000f1c80000, 0x0000000100000000)
  eden space 77312K, 0% used [0x00000000eab00000,0x00000000eab00000,0x00000000ef680000)
  from space 17920K, 99% used [0x00000000ef680000,0x00000000f07f9e18,0x00000000f0800000)
  to   space 17408K, 0% used [0x00000000f0800000,0x00000000f0800000,0x00000000f1900000)
 ParOldGen       total 699392K, used 444347K [0x00000000c0000000, 0x00000000eab00000, 0x00000000eab00000)
  object space 699392K, 63% used [0x00000000c0000000,0x00000000db1eec18,0x00000000eab00000)
 Metaspace       used 86621K, committed 88192K, reserved 1179648K
  class space    used 8774K, committed 9472K, reserved 1048576K
}
Event: 663.941 GC heap before
{Heap before GC invocations=763 (full 62):
 PSYoungGen      total 95232K, used 95207K [0x00000000eab00000, 0x00000000f1c80000, 0x0000000100000000)
  eden space 77312K, 100% used [0x00000000eab00000,0x00000000ef680000,0x00000000ef680000)
  from space 17920K, 99% used [0x00000000ef680000,0x00000000f07f9e18,0x00000000f0800000)
  to   space 17408K, 0% used [0x00000000f0800000,0x00000000f0800000,0x00000000f1900000)
 ParOldGen       total 699392K, used 444347K [0x00000000c0000000, 0x00000000eab00000, 0x00000000eab00000)
  object space 699392K, 63% used [0x00000000c0000000,0x00000000db1eec18,0x00000000eab00000)
 Metaspace       used 86621K, committed 88192K, reserved 1179648K
  class space    used 8774K, committed 9472K, reserved 1048576K
}
Event: 663.992 GC heap after
{Heap after GC invocations=763 (full 62):
 PSYoungGen      total 94720K, used 17398K [0x00000000eab00000, 0x00000000f1c80000, 0x0000000100000000)
  eden space 77312K, 0% used [0x00000000eab00000,0x00000000eab00000,0x00000000ef680000)
  from space 17408K, 99% used [0x00000000f0800000,0x00000000f18fdb58,0x00000000f1900000)
  to   space 17920K, 0% used [0x00000000ef680000,0x00000000ef680000,0x00000000f0800000)
 ParOldGen       total 699392K, used 449672K [0x00000000c0000000, 0x00000000eab00000, 0x00000000eab00000)
  object space 699392K, 64% used [0x00000000c0000000,0x00000000db722320,0x00000000eab00000)
 Metaspace       used 86621K, committed 88192K, reserved 1179648K
  class space    used 8774K, committed 9472K, reserved 1048576K
}
Event: 664.301 GC heap before
{Heap before GC invocations=764 (full 62):
 PSYoungGen      total 94720K, used 94710K [0x00000000eab00000, 0x00000000f1c80000, 0x0000000100000000)
  eden space 77312K, 100% used [0x00000000eab00000,0x00000000ef680000,0x00000000ef680000)
  from space 17408K, 99% used [0x00000000f0800000,0x00000000f18fdb58,0x00000000f1900000)
  to   space 17920K, 0% used [0x00000000ef680000,0x00000000ef680000,0x00000000f0800000)
 ParOldGen       total 699392K, used 449672K [0x00000000c0000000, 0x00000000eab00000, 0x00000000eab00000)
  object space 699392K, 64% used [0x00000000c0000000,0x00000000db722320,0x00000000eab00000)
 Metaspace       used 86621K, committed 88192K, reserved 1179648K
  class space    used 8774K, committed 9472K, reserved 1048576K
}
Event: 664.355 GC heap after
{Heap after GC invocations=764 (full 62):
 PSYoungGen      total 95232K, used 16111K [0x00000000eab00000, 0x00000000f1c80000, 0x0000000100000000)
  eden space 77312K, 0% used [0x00000000eab00000,0x00000000eab00000,0x00000000ef680000)
  from space 17920K, 89% used [0x00000000ef680000,0x00000000f063bce8,0x00000000f0800000)
  to   space 17408K, 0% used [0x00000000f0800000,0x00000000f0800000,0x00000000f1900000)
 ParOldGen       total 699392K, used 456907K [0x00000000c0000000, 0x00000000eab00000, 0x00000000eab00000)
  object space 699392K, 65% used [0x00000000c0000000,0x00000000dbe32f50,0x00000000eab00000)
 Metaspace       used 86621K, committed 88192K, reserved 1179648K
  class space    used 8774K, committed 9472K, reserved 1048576K
}
Event: 664.733 GC heap before
{Heap before GC invocations=765 (full 62):
 PSYoungGen      total 95232K, used 93423K [0x00000000eab00000, 0x00000000f1c80000, 0x0000000100000000)
  eden space 77312K, 100% used [0x00000000eab00000,0x00000000ef680000,0x00000000ef680000)
  from space 17920K, 89% used [0x00000000ef680000,0x00000000f063bce8,0x00000000f0800000)
  to   space 17408K, 0% used [0x00000000f0800000,0x00000000f0800000,0x00000000f1900000)
 ParOldGen       total 699392K, used 456907K [0x00000000c0000000, 0x00000000eab00000, 0x00000000eab00000)
  object space 699392K, 65% used [0x00000000c0000000,0x00000000dbe32f50,0x00000000eab00000)
 Metaspace       used 86621K, committed 88192K, reserved 1179648K
  class space    used 8774K, committed 9472K, reserved 1048576K
}
Event: 664.783 GC heap after
{Heap after GC invocations=765 (full 62):
 PSYoungGen      total 94720K, used 17404K [0x00000000eab00000, 0x00000000f1c80000, 0x0000000100000000)
  eden space 77312K, 0% used [0x00000000eab00000,0x00000000eab00000,0x00000000ef680000)
  from space 17408K, 99% used [0x00000000f0800000,0x00000000f18ff008,0x00000000f1900000)
  to   space 17920K, 0% used [0x00000000ef680000,0x00000000ef680000,0x00000000f0800000)
 ParOldGen       total 699392K, used 459469K [0x00000000c0000000, 0x00000000eab00000, 0x00000000eab00000)
  object space 699392K, 65% used [0x00000000c0000000,0x00000000dc0b34d0,0x00000000eab00000)
 Metaspace       used 86621K, committed 88192K, reserved 1179648K
  class space    used 8774K, committed 9472K, reserved 1048576K
}
Event: 665.294 GC heap before
{Heap before GC invocations=766 (full 62):
 PSYoungGen      total 94720K, used 94716K [0x00000000eab00000, 0x00000000f1c80000, 0x0000000100000000)
  eden space 77312K, 100% used [0x00000000eab00000,0x00000000ef680000,0x00000000ef680000)
  from space 17408K, 99% used [0x00000000f0800000,0x00000000f18ff008,0x00000000f1900000)
  to   space 17920K, 0% used [0x00000000ef680000,0x00000000ef680000,0x00000000f0800000)
 ParOldGen       total 699392K, used 459469K [0x00000000c0000000, 0x00000000eab00000, 0x00000000eab00000)
  object space 699392K, 65% used [0x00000000c0000000,0x00000000dc0b34d0,0x00000000eab00000)
 Metaspace       used 86765K, committed 88320K, reserved 1179648K
  class space    used 8796K, committed 9472K, reserved 1048576K
}
Event: 665.346 GC heap after
{Heap after GC invocations=766 (full 62):
 PSYoungGen      total 95232K, used 17901K [0x00000000eab00000, 0x00000000f1c80000, 0x0000000100000000)
  eden space 77312K, 0% used [0x00000000eab00000,0x00000000eab00000,0x00000000ef680000)
  from space 17920K, 99% used [0x00000000ef680000,0x00000000f07fb678,0x00000000f0800000)
  to   space 17408K, 0% used [0x00000000f0800000,0x00000000f0800000,0x00000000f1900000)
 ParOldGen       total 699392K, used 464792K [0x00000000c0000000, 0x00000000eab00000, 0x00000000eab00000)
  object space 699392K, 66% used [0x00000000c0000000,0x00000000dc5e62c0,0x00000000eab00000)
 Metaspace       used 86765K, committed 88320K, reserved 1179648K
  class space    used 8796K, committed 9472K, reserved 1048576K
}

Dll operation events (10 events):
Event: 0.014 Loaded shared library c:\Acomodar\Codigos\ides\VSCode-win32-x64-1.81.1\data\extensions\redhat.java-1.24.0-win32-x64\jre\17.0.8.1-win32-x86_64\bin\java.dll
Event: 1.007 Loaded shared library c:\Acomodar\Codigos\ides\VSCode-win32-x64-1.81.1\data\extensions\redhat.java-1.24.0-win32-x64\jre\17.0.8.1-win32-x86_64\bin\zip.dll
Event: 1.013 Loaded shared library C:\Acomodar\Codigos\ides\VSCode-win32-x64-1.81.1\data\extensions\redhat.java-1.24.0-win32-x64\jre\17.0.8.1-win32-x86_64\bin\instrument.dll
Event: 1.118 Loaded shared library C:\Acomodar\Codigos\ides\VSCode-win32-x64-1.81.1\data\extensions\redhat.java-1.24.0-win32-x64\jre\17.0.8.1-win32-x86_64\bin\net.dll
Event: 1.121 Loaded shared library C:\Acomodar\Codigos\ides\VSCode-win32-x64-1.81.1\data\extensions\redhat.java-1.24.0-win32-x64\jre\17.0.8.1-win32-x86_64\bin\nio.dll
Event: 1.252 Loaded shared library C:\Acomodar\Codigos\ides\VSCode-win32-x64-1.81.1\data\extensions\redhat.java-1.24.0-win32-x64\jre\17.0.8.1-win32-x86_64\bin\zip.dll
Event: 1.315 Loaded shared library C:\Acomodar\Codigos\ides\VSCode-win32-x64-1.81.1\data\extensions\redhat.java-1.24.0-win32-x64\jre\17.0.8.1-win32-x86_64\bin\jimage.dll
Event: 2.026 Loaded shared library c:\Acomodar\Codigos\ides\VSCode-win32-x64-1.81.1\data\extensions\redhat.java-1.24.0-win32-x64\jre\17.0.8.1-win32-x86_64\bin\verify.dll
Event: 8.931 Loaded shared library C:\Acomodar\Codigos\ides\VSCode-win32-x64-1.81.1\data\user-data\User\globalStorage\redhat.java\1.24.0\config_win\org.eclipse.equinox.launcher\org.eclipse.equinox.launcher.win32.win32.x86_64_1.2.700.v20221108-1024\eclipse_11801.dll
Event: 20.878 Loaded shared library C:\Users\Ivan\AppData\Local\Temp\jna-2291258\jna3516928008890176168.dll

Deoptimization events (20 events):
Event: 665.384 Thread 0x000001a2d82a05d0 DEOPT PACKING pc=0x000001a2bffbd010 sp=0x0000007a566fe020
Event: 665.384 Thread 0x000001a2d82a05d0 DEOPT UNPACKING pc=0x000001a2c5d86e24 sp=0x0000007a566fd4c0 mode 0
Event: 665.385 Thread 0x000001a2d82a05d0 DEOPT PACKING pc=0x000001a2bffbd010 sp=0x0000007a566fe020
Event: 665.385 Thread 0x000001a2d82a05d0 DEOPT UNPACKING pc=0x000001a2c5d86e24 sp=0x0000007a566fd4c0 mode 0
Event: 665.419 Thread 0x000001a2d82a05d0 Uncommon trap: trap_request=0xffffff45 fr.pc=0x000001a2c6a13f48 relative=0x0000000000000108
Event: 665.419 Thread 0x000001a2d82a05d0 Uncommon trap: reason=unstable_if action=reinterpret pc=0x000001a2c6a13f48 method=org.eclipse.core.runtime.SubProgressMonitor.internalWorked(D)V @ 12 c2
Event: 665.419 Thread 0x000001a2d82a05d0 DEOPT PACKING pc=0x000001a2c6a13f48 sp=0x0000007a566fdf60
Event: 665.419 Thread 0x000001a2d82a05d0 DEOPT UNPACKING pc=0x000001a2c5d8669d sp=0x0000007a566fded0 mode 2
Event: 665.834 Thread 0x000001a2d82a05d0 Uncommon trap: trap_request=0xffffffbe fr.pc=0x000001a2c6cc7240 relative=0x00000000000043c0
Event: 665.834 Thread 0x000001a2d82a05d0 Uncommon trap: reason=profile_predicate action=maybe_recompile pc=0x000001a2c6cc7240 method=org.eclipse.jdt.internal.core.hierarchy.IndexBasedHierarchyBuilder.buildForProject(Lorg/eclipse/jdt/internal/core/JavaProject;Ljava/util/ArrayList;[Lorg/eclipse/jd
Event: 665.834 Thread 0x000001a2d82a05d0 DEOPT PACKING pc=0x000001a2c6cc7240 sp=0x0000007a566fe520
Event: 665.834 Thread 0x000001a2d82a05d0 DEOPT UNPACKING pc=0x000001a2c5d8669d sp=0x0000007a566fe530 mode 2
Event: 665.871 Thread 0x000001a2d82a05d0 Uncommon trap: trap_request=0xffffffbe fr.pc=0x000001a2c685a204 relative=0x00000000000001e4
Event: 665.871 Thread 0x000001a2d82a05d0 Uncommon trap: reason=profile_predicate action=maybe_recompile pc=0x000001a2c685a204 method=java.util.HashMap.keysToArray([Ljava/lang/Object;)[Ljava/lang/Object; @ 36 c2
Event: 665.871 Thread 0x000001a2d82a05d0 DEOPT PACKING pc=0x000001a2c685a204 sp=0x0000007a566fd4a0
Event: 665.871 Thread 0x000001a2d82a05d0 DEOPT UNPACKING pc=0x000001a2c5d8669d sp=0x0000007a566fd420 mode 2
Event: 665.889 Thread 0x000001a2d82a05d0 Uncommon trap: trap_request=0xffffffbe fr.pc=0x000001a2c685a204 relative=0x00000000000001e4
Event: 665.889 Thread 0x000001a2d82a05d0 Uncommon trap: reason=profile_predicate action=maybe_recompile pc=0x000001a2c685a204 method=java.util.HashMap.keysToArray([Ljava/lang/Object;)[Ljava/lang/Object; @ 36 c2
Event: 665.889 Thread 0x000001a2d82a05d0 DEOPT PACKING pc=0x000001a2c685a204 sp=0x0000007a566fd4a0
Event: 665.889 Thread 0x000001a2d82a05d0 DEOPT UNPACKING pc=0x000001a2c5d8669d sp=0x0000007a566fd420 mode 2

Classes unloaded (7 events):
Event: 12.718 Thread 0x000001a2d00c43d0 Unloading class 0x0000000100248000 'java/lang/invoke/LambdaForm$MH+0x0000000100248000'
Event: 12.718 Thread 0x000001a2d00c43d0 Unloading class 0x0000000100247c00 'java/lang/invoke/LambdaForm$MH+0x0000000100247c00'
Event: 12.718 Thread 0x000001a2d00c43d0 Unloading class 0x0000000100247800 'java/lang/invoke/LambdaForm$MH+0x0000000100247800'
Event: 12.718 Thread 0x000001a2d00c43d0 Unloading class 0x0000000100247400 'java/lang/invoke/LambdaForm$MH+0x0000000100247400'
Event: 12.718 Thread 0x000001a2d00c43d0 Unloading class 0x0000000100247000 'java/lang/invoke/LambdaForm$BMH+0x0000000100247000'
Event: 12.718 Thread 0x000001a2d00c43d0 Unloading class 0x0000000100246c00 'java/lang/invoke/LambdaForm$DMH+0x0000000100246c00'
Event: 12.719 Thread 0x000001a2d00c43d0 Unloading class 0x0000000100244000 'java/lang/invoke/LambdaForm$DMH+0x0000000100244000'

Classes redefined (0 events):
No events

Internal exceptions (20 events):
Event: 214.373 Thread 0x000001a2d82a05d0 Exception <a 'java/lang/ClassCastException'{0x00000000eb47fe50}> (0x00000000eb47fe50) 
thrown [s\src\hotspot\share\runtime\sharedRuntime.cpp, line 628]
Event: 216.667 Thread 0x000001a2d82a05d0 Implicit null exception at 0x000001a2c6bd8084 to 0x000001a2c6bdb4d0
Event: 238.266 Thread 0x000001a2d57f6ba0 Implicit null exception at 0x000001a2c6a769b4 to 0x000001a2c6a76d24
Event: 238.272 Thread 0x000001a2d57f6ba0 Implicit null exception at 0x000001a2c684a052 to 0x000001a2c684a500
Event: 239.763 Thread 0x000001a2d7f5fdf0 Implicit null exception at 0x000001a2c685a07a to 0x000001a2c685a19c
Event: 241.041 Thread 0x000001a2d7f5fdf0 Exception <a 'java/lang/NoSuchMethodError'{0x00000000ec665d38}: 'java.lang.Object java.lang.invoke.DirectMethodHandle$Holder.invokeVirtual(java.lang.Object, java.lang.Object, java.lang.Object)'> (0x00000000ec665d38) 
thrown [s\src\hotspot\share\interpreter\linkResolver.cpp, line 759]
Event: 279.982 Thread 0x000001a2d57f6ba0 Exception <a 'sun/nio/fs/WindowsException'{0x00000000eb4146a8}> (0x00000000eb4146a8) 
thrown [s\src\hotspot\share\prims\jni.cpp, line 516]
Event: 288.280 Thread 0x000001a2d57f6ba0 Exception <a 'sun/nio/fs/WindowsException'{0x00000000ead02810}> (0x00000000ead02810) 
thrown [s\src\hotspot\share\prims\jni.cpp, line 516]
Event: 334.303 Thread 0x000001a2d7f5d060 Implicit null exception at 0x000001a2c685a055 to 0x000001a2c685a0b4
Event: 342.229 Thread 0x000001a2d7f5fdf0 Implicit null exception at 0x000001a2c66d49d8 to 0x000001a2c66d4d28
Event: 342.444 Thread 0x000001a2d7f5fdf0 Exception <a 'java/lang/NoSuchMethodError'{0x00000000eab4a620}: static [J.<clinit>()V> (0x00000000eab4a620) 
thrown [s\src\hotspot\share\prims\jni.cpp, line 1107]
Event: 342.464 Thread 0x000001a2d7f5fdf0 Exception <a 'java/lang/NoSuchMethodError'{0x00000000eab85900}: 'java.lang.Object java.lang.invoke.DirectMethodHandle$Holder.newInvokeSpecial(java.lang.Object, java.lang.Object, java.lang.Object, java.lang.Object, java.lang.Object, java.lang.Object, java.lang.Object, java.lang.Object)'> (0x00000000eab85900) 
thrown [s\src\hotspot\share\interpreter\linkResolver.cpp, line 759]
Event: 342.466 Thread 0x000001a2d7f5fdf0 Exception <a 'java/lang/NoSuchMethodError'{0x00000000eab8a690}: 'java.lang.Object java.lang.invoke.Invokers$Holder.linkToTargetMethod(java.lang.Object, java.lang.Object, java.lang.Object, java.lang.Object, java.lang.Object, java.lang.Object, java.lang.Object, java.lang.Object)'> (0x00000000eab8a690) 
thrown [s\src\hotspot\share\interpreter\linkResolver.cpp, line 759]
Event: 342.653 Thread 0x000001a2d82a2430 Exception <a 'sun/nio/fs/WindowsException'{0x00000000eabf74d0}> (0x00000000eabf74d0) 
thrown [s\src\hotspot\share\prims\jni.cpp, line 516]
Event: 342.674 Thread 0x000001a2d82a2430 Exception <a 'sun/nio/fs/WindowsException'{0x00000000eabfb598}> (0x00000000eabfb598) 
thrown [s\src\hotspot\share\prims\jni.cpp, line 516]
Event: 342.674 Thread 0x000001a2d82a2430 Exception <a 'sun/nio/fs/WindowsException'{0x00000000eabfd4c8}> (0x00000000eabfd4c8) 
thrown [s\src\hotspot\share\prims\jni.cpp, line 516]
Event: 342.674 Thread 0x000001a2d82a2430 Exception <a 'sun/nio/fs/WindowsException'{0x00000000eabfde20}> (0x00000000eabfde20) 
thrown [s\src\hotspot\share\prims\jni.cpp, line 516]
Event: 342.675 Thread 0x000001a2d82a2430 Exception <a 'sun/nio/fs/WindowsException'{0x00000000eabfe0e0}> (0x00000000eabfe0e0) 
thrown [s\src\hotspot\share\prims\jni.cpp, line 516]
Event: 342.675 Thread 0x000001a2d82a2430 Exception <a 'sun/nio/fs/WindowsException'{0x00000000eabfef78}> (0x00000000eabfef78) 
thrown [s\src\hotspot\share\prims\jni.cpp, line 516]
Event: 632.339 Thread 0x000001a2d82a05d0 Implicit null exception at 0x000001a2c704c9b7 to 0x000001a2c7059728

VM Operations (20 events):
Event: 662.197 Executing VM operation: ParallelGCFailedAllocation
Event: 662.242 Executing VM operation: ParallelGCFailedAllocation done
Event: 662.516 Executing VM operation: ParallelGCFailedAllocation
Event: 662.568 Executing VM operation: ParallelGCFailedAllocation done
Event: 662.834 Executing VM operation: ParallelGCFailedAllocation
Event: 662.884 Executing VM operation: ParallelGCFailedAllocation done
Event: 663.231 Executing VM operation: ParallelGCFailedAllocation
Event: 663.276 Executing VM operation: ParallelGCFailedAllocation done
Event: 663.596 Executing VM operation: ParallelGCFailedAllocation
Event: 663.648 Executing VM operation: ParallelGCFailedAllocation done
Event: 663.941 Executing VM operation: ParallelGCFailedAllocation
Event: 663.992 Executing VM operation: ParallelGCFailedAllocation done
Event: 664.301 Executing VM operation: ParallelGCFailedAllocation
Event: 664.355 Executing VM operation: ParallelGCFailedAllocation done
Event: 664.733 Executing VM operation: ParallelGCFailedAllocation
Event: 664.784 Executing VM operation: ParallelGCFailedAllocation done
Event: 665.213 Executing VM operation: HandshakeAllThreads
Event: 665.213 Executing VM operation: HandshakeAllThreads done
Event: 665.293 Executing VM operation: ParallelGCFailedAllocation
Event: 665.346 Executing VM operation: ParallelGCFailedAllocation done

Events (20 events):
Event: 660.687 Thread 0x000001a2d016e770 flushing nmethod 0x000001a2c0698810
Event: 660.687 Thread 0x000001a2d016e770 flushing nmethod 0x000001a2c06a0190
Event: 660.687 Thread 0x000001a2d016e770 flushing nmethod 0x000001a2c06a2f90
Event: 660.687 Thread 0x000001a2d016e770 flushing nmethod 0x000001a2c06b0f10
Event: 660.687 Thread 0x000001a2d016e770 flushing nmethod 0x000001a2c06b5d90
Event: 660.687 Thread 0x000001a2d016e770 flushing nmethod 0x000001a2c06be110
Event: 660.687 Thread 0x000001a2d016e770 flushing nmethod 0x000001a2c06e9490
Event: 660.687 Thread 0x000001a2d016e770 flushing nmethod 0x000001a2c06f4610
Event: 660.687 Thread 0x000001a2d016e770 flushing nmethod 0x000001a2c0713590
Event: 660.687 Thread 0x000001a2d016e770 flushing nmethod 0x000001a2c0716a10
Event: 660.687 Thread 0x000001a2d016e770 flushing nmethod 0x000001a2c0721110
Event: 660.687 Thread 0x000001a2d016e770 flushing nmethod 0x000001a2c0721b10
Event: 660.687 Thread 0x000001a2d016e770 flushing nmethod 0x000001a2c0727490
Event: 660.687 Thread 0x000001a2d016e770 flushing nmethod 0x000001a2c073ed90
Event: 660.687 Thread 0x000001a2d016e770 flushing nmethod 0x000001a2c073f590
Event: 660.687 Thread 0x000001a2d016e770 flushing nmethod 0x000001a2c073fc90
Event: 660.687 Thread 0x000001a2d016e770 flushing nmethod 0x000001a2c0751490
Event: 660.688 Thread 0x000001a2d016e770 flushing nmethod 0x000001a2c0805290
Event: 660.688 Thread 0x000001a2d016e770 flushing nmethod 0x000001a2c081a490
Event: 665.419 Thread 0x000001a2d7f61230 Thread added: 0x000001a2d7f61230


Dynamic libraries:
0x00007ff697b90000 - 0x00007ff697b9e000 	c:\Acomodar\Codigos\ides\VSCode-win32-x64-1.81.1\data\extensions\redhat.java-1.24.0-win32-x64\jre\17.0.8.1-win32-x86_64\bin\java.exe
0x00007ff81dd70000 - 0x00007ff81df87000 	C:\Windows\SYSTEM32\ntdll.dll
0x00007ff81caf0000 - 0x00007ff81cbb4000 	C:\Windows\System32\KERNEL32.DLL
0x00007ff81b710000 - 0x00007ff81bab5000 	C:\Windows\System32\KERNELBASE.dll
0x00007ff81b0e0000 - 0x00007ff81b1f1000 	C:\Windows\System32\ucrtbase.dll
0x00007ff801060000 - 0x00007ff801077000 	c:\Acomodar\Codigos\ides\VSCode-win32-x64-1.81.1\data\extensions\redhat.java-1.24.0-win32-x64\jre\17.0.8.1-win32-x86_64\bin\jli.dll
0x00007ff81bad0000 - 0x00007ff81bc7e000 	C:\Windows\System32\USER32.dll
0x00007ff81b200000 - 0x00007ff81b226000 	C:\Windows\System32\win32u.dll
0x00007ff81c8c0000 - 0x00007ff81c8e9000 	C:\Windows\System32\GDI32.dll
0x00007ff81b2b0000 - 0x00007ff81b3c9000 	C:\Windows\System32\gdi32full.dll
0x00007ff81b5b0000 - 0x00007ff81b64a000 	C:\Windows\System32\msvcp_win.dll
0x00007ff800d90000 - 0x00007ff800da9000 	c:\Acomodar\Codigos\ides\VSCode-win32-x64-1.81.1\data\extensions\redhat.java-1.24.0-win32-x64\jre\17.0.8.1-win32-x86_64\bin\VCRUNTIME140.dll
0x00007ff8045c0000 - 0x00007ff804853000 	C:\Windows\WinSxS\amd64_microsoft.windows.common-controls_6595b64144ccf1df_6.0.22621.2506_none_270c5ae97388e100\COMCTL32.dll
0x00007ff81ca40000 - 0x00007ff81cae7000 	C:\Windows\System32\msvcrt.dll
0x00007ff81ca00000 - 0x00007ff81ca31000 	C:\Windows\System32\IMM32.DLL
0x00007ff80ff00000 - 0x00007ff80ff0c000 	c:\Acomodar\Codigos\ides\VSCode-win32-x64-1.81.1\data\extensions\redhat.java-1.24.0-win32-x64\jre\17.0.8.1-win32-x86_64\bin\vcruntime140_1.dll
0x00007fffc2fc0000 - 0x00007fffc3051000 	c:\Acomodar\Codigos\ides\VSCode-win32-x64-1.81.1\data\extensions\redhat.java-1.24.0-win32-x64\jre\17.0.8.1-win32-x86_64\bin\msvcp140.dll
0x00007fffb84b0000 - 0x00007fffb90fc000 	c:\Acomodar\Codigos\ides\VSCode-win32-x64-1.81.1\data\extensions\redhat.java-1.24.0-win32-x64\jre\17.0.8.1-win32-x86_64\bin\server\jvm.dll
0x00007ff81d070000 - 0x00007ff81d121000 	C:\Windows\System32\ADVAPI32.dll
0x00007ff81da80000 - 0x00007ff81db26000 	C:\Windows\System32\sechost.dll
0x00007ff81cf30000 - 0x00007ff81d047000 	C:\Windows\System32\RPCRT4.dll
0x00007ff81afb0000 - 0x00007ff81affd000 	C:\Windows\SYSTEM32\POWRPROF.dll
0x00007ff80a160000 - 0x00007ff80a169000 	C:\Windows\SYSTEM32\WSOCK32.dll
0x00007ff81cd80000 - 0x00007ff81cdf1000 	C:\Windows\System32\WS2_32.dll
0x00007ff8129c0000 - 0x00007ff8129f4000 	C:\Windows\SYSTEM32\WINMM.dll
0x00007ff8118c0000 - 0x00007ff8118ca000 	C:\Windows\SYSTEM32\VERSION.dll
0x00007ff81af90000 - 0x00007ff81afa3000 	C:\Windows\SYSTEM32\UMPDC.dll
0x00007ff81a040000 - 0x00007ff81a058000 	C:\Windows\SYSTEM32\kernel.appcore.dll
0x00007ff8042b0000 - 0x00007ff8042ba000 	c:\Acomodar\Codigos\ides\VSCode-win32-x64-1.81.1\data\extensions\redhat.java-1.24.0-win32-x64\jre\17.0.8.1-win32-x86_64\bin\jimage.dll
0x00007ff818b20000 - 0x00007ff818d53000 	C:\Windows\SYSTEM32\DBGHELP.DLL
0x00007ff81c530000 - 0x00007ff81c8b9000 	C:\Windows\System32\combase.dll
0x00007ff81d130000 - 0x00007ff81d207000 	C:\Windows\System32\OLEAUT32.dll
0x00007ffffdd10000 - 0x00007ffffdd42000 	C:\Windows\SYSTEM32\dbgcore.DLL
0x00007ff81b230000 - 0x00007ff81b2aa000 	C:\Windows\System32\bcryptPrimitives.dll
0x00007ff802d50000 - 0x00007ff802d5e000 	c:\Acomodar\Codigos\ides\VSCode-win32-x64-1.81.1\data\extensions\redhat.java-1.24.0-win32-x64\jre\17.0.8.1-win32-x86_64\bin\instrument.dll
0x00007ffff5960000 - 0x00007ffff5985000 	c:\Acomodar\Codigos\ides\VSCode-win32-x64-1.81.1\data\extensions\redhat.java-1.24.0-win32-x64\jre\17.0.8.1-win32-x86_64\bin\java.dll
0x00007ffff58c0000 - 0x00007ffff58d8000 	c:\Acomodar\Codigos\ides\VSCode-win32-x64-1.81.1\data\extensions\redhat.java-1.24.0-win32-x64\jre\17.0.8.1-win32-x86_64\bin\zip.dll
0x00007ff81bcd0000 - 0x00007ff81c529000 	C:\Windows\System32\SHELL32.dll
0x00007ff819000000 - 0x00007ff8198f4000 	C:\Windows\SYSTEM32\windows.storage.dll
0x00007ff818ec0000 - 0x00007ff818ffe000 	C:\Windows\SYSTEM32\wintypes.dll
0x00007ff81dc30000 - 0x00007ff81dd23000 	C:\Windows\System32\SHCORE.dll
0x00007ff81c8f0000 - 0x00007ff81c94e000 	C:\Windows\System32\shlwapi.dll
0x00007ff81b010000 - 0x00007ff81b036000 	C:\Windows\SYSTEM32\profapi.dll
0x00007ffff5410000 - 0x00007ffff5429000 	C:\Acomodar\Codigos\ides\VSCode-win32-x64-1.81.1\data\extensions\redhat.java-1.24.0-win32-x64\jre\17.0.8.1-win32-x86_64\bin\net.dll
0x00007ff810640000 - 0x00007ff810777000 	C:\Windows\SYSTEM32\WINHTTP.dll
0x00007ff81a560000 - 0x00007ff81a5c9000 	C:\Windows\system32\mswsock.dll
0x00007ffff5a00000 - 0x00007ffff5a15000 	C:\Acomodar\Codigos\ides\VSCode-win32-x64-1.81.1\data\extensions\redhat.java-1.24.0-win32-x64\jre\17.0.8.1-win32-x86_64\bin\nio.dll
0x00007ff802ba0000 - 0x00007ff802bb0000 	c:\Acomodar\Codigos\ides\VSCode-win32-x64-1.81.1\data\extensions\redhat.java-1.24.0-win32-x64\jre\17.0.8.1-win32-x86_64\bin\verify.dll
0x00007ffff53d0000 - 0x00007ffff540e000 	C:\Acomodar\Codigos\ides\VSCode-win32-x64-1.81.1\data\user-data\User\globalStorage\redhat.java\1.24.0\config_win\org.eclipse.equinox.launcher\org.eclipse.equinox.launcher.win32.win32.x86_64_1.2.700.v20221108-1024\eclipse_11801.dll
0x00007ff81d270000 - 0x00007ff81d410000 	C:\Windows\System32\ole32.dll
0x00007ff81a7b0000 - 0x00007ff81a7cb000 	C:\Windows\SYSTEM32\CRYPTSP.dll
0x00007ff81a060000 - 0x00007ff81a095000 	C:\Windows\system32\rsaenh.dll
0x00007ff81a650000 - 0x00007ff81a67c000 	C:\Windows\SYSTEM32\USERENV.dll
0x00007ff81a9a0000 - 0x00007ff81a9c8000 	C:\Windows\SYSTEM32\bcrypt.dll
0x00007ff81a7d0000 - 0x00007ff81a7dc000 	C:\Windows\SYSTEM32\CRYPTBASE.dll
0x00007ff819ba0000 - 0x00007ff819bcd000 	C:\Windows\SYSTEM32\IPHLPAPI.DLL
0x00007ff81ce00000 - 0x00007ff81ce09000 	C:\Windows\System32\NSI.dll
0x00007ff8105a0000 - 0x00007ff8105b9000 	C:\Windows\SYSTEM32\dhcpcsvc6.DLL
0x00007ff810580000 - 0x00007ff81059f000 	C:\Windows\SYSTEM32\dhcpcsvc.DLL
0x00007ff819bd0000 - 0x00007ff819cc9000 	C:\Windows\SYSTEM32\DNSAPI.dll
0x00007ffff0340000 - 0x00007ffff0385000 	C:\Users\Ivan\AppData\Local\Temp\jna-2291258\jna3516928008890176168.dll
0x00007ff81bac0000 - 0x00007ff81bac8000 	C:\Windows\System32\PSAPI.DLL

dbghelp: loaded successfully - version: 4.0.5 - missing functions: none
symbol engine: initialized successfully - sym options: 0x614 - pdb path: .;c:\Acomodar\Codigos\ides\VSCode-win32-x64-1.81.1\data\extensions\redhat.java-1.24.0-win32-x64\jre\17.0.8.1-win32-x86_64\bin;C:\Windows\SYSTEM32;C:\Windows\WinSxS\amd64_microsoft.windows.common-controls_6595b64144ccf1df_6.0.22621.2506_none_270c5ae97388e100;c:\Acomodar\Codigos\ides\VSCode-win32-x64-1.81.1\data\extensions\redhat.java-1.24.0-win32-x64\jre\17.0.8.1-win32-x86_64\bin\server;C:\Acomodar\Codigos\ides\VSCode-win32-x64-1.81.1\data\user-data\User\globalStorage\redhat.java\1.24.0\config_win\org.eclipse.equinox.launcher\org.eclipse.equinox.launcher.win32.win32.x86_64_1.2.700.v20221108-1024;C:\Users\Ivan\AppData\Local\Temp\jna-2291258

VM Arguments:
jvm_args: --add-modules=ALL-SYSTEM --add-opens=java.base/java.util=ALL-UNNAMED --add-opens=java.base/java.lang=ALL-UNNAMED --add-opens=java.base/sun.nio.fs=ALL-UNNAMED -Declipse.application=org.eclipse.jdt.ls.core.id1 -Dosgi.bundles.defaultStartLevel=4 -Declipse.product=org.eclipse.jdt.ls.core.product -Djava.import.generatesMetadataFilesAtProjectRoot=false -DDetectVMInstallationsJob.disabled=true -Dfile.encoding=utf8 -XX:+UseParallelGC -XX:GCTimeRatio=4 -XX:AdaptiveSizePolicyWeight=90 -Dsun.zip.disableMemoryMapping=true -Xmx1G -Xms100m -Xlog:disable -javaagent:c:\Acomodar\Codigos\ides\VSCode-win32-x64-1.81.1\data\extensions\redhat.java-1.24.0-win32-x64\lombok\lombok-1.18.30.jar -XX:+HeapDumpOnOutOfMemoryError -XX:HeapDumpPath=c:\Acomodar\Codigos\ides\VSCode-win32-x64-1.81.1\data\user-data\User\workspaceStorage\9c9c45a0c040ac3e32c446cb72fd227f\redhat.java -Daether.dependencyCollector.impl=bf 
java_command: c:\Acomodar\Codigos\ides\VSCode-win32-x64-1.81.1\data\extensions\redhat.java-1.24.0-win32-x64\server\plugins\org.eclipse.equinox.launcher_1.6.500.v20230717-2134.jar -configuration c:\Acomodar\Codigos\ides\VSCode-win32-x64-1.81.1\data\user-data\User\globalStorage\redhat.java\1.24.0\config_win -data c:\Acomodar\Codigos\ides\VSCode-win32-x64-1.81.1\data\user-data\User\workspaceStorage\9c9c45a0c040ac3e32c446cb72fd227f\redhat.java\jdt_ws --stdio
java_class_path (initial): c:\Acomodar\Codigos\ides\VSCode-win32-x64-1.81.1\data\extensions\redhat.java-1.24.0-win32-x64\server\plugins\org.eclipse.equinox.launcher_1.6.500.v20230717-2134.jar
Launcher Type: SUN_STANDARD

[Global flags]
    uintx AdaptiveSizePolicyWeight                 = 90                                        {product} {command line}
     intx CICompilerCount                          = 2                                         {product} {ergonomic}
    uintx GCTimeRatio                              = 4                                         {product} {command line}
     bool HeapDumpOnOutOfMemoryError               = true                                   {manageable} {command line}
    ccstr HeapDumpPath                             = c:\Acomodar\Codigos\ides\VSCode-win32-x64-1.81.1\data\user-data\User\workspaceStorage\9c9c45a0c040ac3e32c446cb72fd227f\redhat.java         {manageable} {command line}
   size_t InitialHeapSize                          = 104857600                                 {product} {command line}
   size_t MaxHeapSize                              = 1073741824                                {product} {command line}
   size_t MaxNewSize                               = 357564416                                 {product} {ergonomic}
   size_t MinHeapDeltaBytes                        = 524288                                    {product} {ergonomic}
   size_t MinHeapSize                              = 104857600                                 {product} {command line}
   size_t NewSize                                  = 34603008                                  {product} {ergonomic}
    uintx NonNMethodCodeHeapSize                   = 5826188                                {pd product} {ergonomic}
    uintx NonProfiledCodeHeapSize                  = 122916026                              {pd product} {ergonomic}
   size_t OldSize                                  = 70254592                                  {product} {ergonomic}
    uintx ProfiledCodeHeapSize                     = 122916026                              {pd product} {ergonomic}
    uintx ReservedCodeCacheSize                    = 251658240                              {pd product} {ergonomic}
     bool SegmentedCodeCache                       = true                                      {product} {ergonomic}
   size_t SoftMaxHeapSize                          = 1073741824                             {manageable} {ergonomic}
     bool UseCompressedClassPointers               = true                           {product lp64_product} {ergonomic}
     bool UseCompressedOops                        = true                           {product lp64_product} {ergonomic}
     bool UseLargePagesIndividualAllocation        = false                                  {pd product} {ergonomic}
     bool UseParallelGC                            = true                                      {product} {command line}

Logging:
Log output configuration:
 #0: stdout all=off uptime,level,tags
 #1: stderr all=off uptime,level,tags

Environment Variables:
JAVA_HOME=C:\Acomodar\Codigos\java\bytek\dependencias\jdk-17.0.9
PATH=C:\Windows\system32;C:\Windows;C:\Windows\System32\Wbem;C:\Windows\System32\WindowsPowerShell\v1.0\;C:\Windows\System32\OpenSSH\;C:\Program Files\Git\cmd;C:\Acomodar\Codigos\compiladores\gbdk\bin;C:\Program Files\PuTTY\;C:\Program Files\VSCodium\bin;C:\w64devkit\bin;C:\cmake\bin;C:\Program Files\dotnet\;C:\Acomodar\Codigos\java\bytek\dependencias\jdk-17.0.9\bin;C:\Acomodar\Codigos\java\bytek\dependencias\apache-maven-3.9.5\bin;C:\Program Files\GitHub CLI\;C:\Acomodar\Codigos\ides\nvim-win64\bin;C:\Acomodar\Codigos\python\Scripts\;C:\Acomodar\Codigos\python\;C:\Users\Ivan\scoop\shims;C:\Users\Ivan\AppData\Local\Microsoft\WindowsApps;C:\ProgramData\chocolatey\lib\mingw\tools\install\mingw64\bin;C:\Acomodar\Codigos\compiladores\gbdk\bin;C:\w64devkit\bin;C:\cmake\bin;C:\Users\Ivan\AppData\Local\GitHubDesktop\bin
USERNAME=Ivan
OS=Windows_NT
PROCESSOR_IDENTIFIER=Intel64 Family 6 Model 122 Stepping 8, GenuineIntel
TMP=C:\Users\Ivan\AppData\Local\Temp
TEMP=C:\Users\Ivan\AppData\Local\Temp



---------------  S Y S T E M  ---------------

OS:
 Windows 11 , 64 bit Build 22621 (10.0.22621.2506)
OS uptime: 0 days 2:33 hours

CPU: total 2 (initial active 2) (2 cores per cpu, 1 threads per core) family 6 model 122 stepping 8 microcode 0x18, cx8, cmov, fxsr, mmx, 3dnowpref, sse, sse2, sse3, ssse3, sse4.1, sse4.2, popcnt, tsc, tscinvbit, aes, erms, clmul, sha, clflush, clflushopt
Processor Information for all 2 processors :
  Max Mhz: 1101, Current Mhz: 1101, Mhz Limit: 1101

Memory: 4k page, system-wide physical 3902M (434M free)
TotalPageFile size 5952M (AvailPageFile size 0M)
current process WorkingSet (physical memory assigned to process): 849M, peak: 849M
current process commit charge ("private bytes"): 1060M, peak: 1067M

vm_info: OpenJDK 64-Bit Server VM (17.0.8.1+1) for windows-amd64 JRE (17.0.8.1+1), built on Aug 23 2023 15:29:17 by "admin" with MS VC++ 16.7 (VS2019)

END.
